Julia Version 1.10.3
Commit 0b4590a550 (2024-04-30 10:59 UTC)
Build Info:

    Note: This is an unofficial build, please report bugs to the project
    responsible for this build and not to the Julia project unless you can
    reproduce the issue using official builds available at https://julialang.org/downloads

Platform Info:
  OS: Linux (x86_64-linux-gnu)
  CPU: 16 × AMD Ryzen 7 3700X 8-Core Processor
  WORD_SIZE: 64
  LIBM: libopenlibm
  LLVM: libLLVM-15.0.7 (ORCJIT, znver2)
Threads: 1 default, 0 interactive, 1 GC (on 16 virtual cores)
%% Accuracy of numerical approximations for the ammonia model, Sec. 4.1
Taylor series convergence radius, 1/√2c = 0.6042103056535397
┌ Info: Variables domain:
│   xrange =
│    101-element LinRange{Float64, Int64}:
│     -2.0, -1.96, -1.92, -1.88, -1.84, …, 1.8, 1.84, 1.88, 1.92, 1.96, 2.0
│   wlist =
│    3-element Vector{Float64}:
│     0.1
│     0.6
└     1.0

Table 2 numerical data in LaTeX format
------------------------------------------------------------
\multicolumn{3}{c}{$w=\SI{0.1}{\bohr}$} \\
GaussHermite & \num{2.9e-17} & \num{8.3e-17} \\
Taylor & \num{1.8e-12} & \num{5.3e-12} \\
\multicolumn{3}{c}{$w=\SI{0.6}{\bohr}$} \\
GaussHermite & \num{3.2e-7} & \num{8.2e-7} \\
Taylor & \num{0.0021} & \num{0.0062} \\
\multicolumn{3}{c}{$w=\SI{1.0}{\bohr}$} \\
GaussHermite & \num{8.8e-5} & \num{0.00019} \\
Taylor & \num{0.53} & \num{1.5} \\
------------------------------------------------------------

%% Static limit for the Morse potential, Sec. 4.2
┌ Info: Stationary WP for the TDVP-based model
│   qmin = 1.8130344119075708
│   wmin = 0.12543115759708856
└   Umin = -0.20205260644744527

┌ Info: Stationary WP for the extended semicalssical model
│   qmin = 1.813334797235529
│   wmin = 0.1278200999523284
└   Umin = -0.2022123290053574


┌ Info: Stationary WP for Heller's model
│   qmin = 1.7857911877713528
│   wmin = 0.1247754145107731
└   Umin = -0.20200708680357782

-------------------------------------------------------------------------------------------------------------------
Global minimum of the full model lies                   1909.3743011248023 cm⁻¹ above the bottom of the well
Global minimum of the extended semiclassical model lies 1874.3192516066492 cm⁻¹ 
Global minimum of Heller's model lies                   1919.3647081823956 cm⁻¹ // definition 1: from U1
                                                        1954.7486953877467 cm⁻¹ // definition 2: from the full U
The ground vibrational state is at:                     1899.4534706887332 cm⁻¹ 
-------------------------------------------------------------------------------------------------------------------


%% Small-amplitude motion + spectra for the Morse potential, Sec. 4.3
┌ Info: Solver parameters: 
└   solver_params = (integrator = Tsit5(; stage_limiter! = trivial_limiter!, step_limiter! = trivial_limiter!, thread = static(false),), abstol = 1.0e-8, reltol = 1.0e-8)

┌ Info: Initial values: 
└   inicn = (p0 = 0.0, q0 = 1.6, u0 = 0.0, w0 = 0.125, λ0 = 0.0)

┌ Info: The number of t steps, nt = 16384
│    Time grid parameters:
│   tspan = (0.0, 66023.49)
└   dt = 4.03

┌ Info: Initial energy in various definitions
│   E_cl = -0.19869239571272942
│   E_hq = -0.1860393633231225
└   E_sc = -0.18629553969013435

Running dynamics...
  1.297648 seconds (4.91 M allocations: 161.327 MiB, 4.35% gc time, 92.61% compilation time)
  0.289002 seconds (4.29 M allocations: 77.950 MiB, 4.67% gc time, 56.87% compilation time)
  0.425615 seconds (8.50 M allocations: 142.905 MiB, 5.48% gc time, 40.51% compilation time)

Expansion of the initial GWP in the egenfunction basis
┌ Info: Scaled expansion weights (to the first one) 
│   scaled_expansion_weights =
│    24-element Vector{Float64}:
│     1.0
│     0.5926424689344948
│     0.2586784653287473
│     0.11319421739688497
│     ⋮
│     3.6800216884538676e-5
│     2.1523853896689983e-5
└     7.853284456830213e-6


%% Tunneling dynamics in ammonia, Sec. 4.4
┌ Info: Solver parameters: 
└   solver_params = (integrator = Tsit5(; stage_limiter! = trivial_limiter!, step_limiter! = trivial_limiter!, thread = static(false),), abstol = 1.0e-12, reltol = 1.0e-12)

┌ Info: Initial values: 
└   inicn = (p0 = 0.0, q0 = -1.0, u0 = 0.0, w0 = 0.15, λ0 = 0.0)

┌ Info: The number of t steps, nt = 16384
│    Time grid parameters:
│   tspan = (0.0, 66023.49)
└   dt = 4.03

Running dynamics...
  0.163893 seconds (4.50 M allocations: 76.584 MiB, 9.54% gc time, 29.48% compilation time)
  0.347348 seconds (11.04 M allocations: 173.948 MiB, 6.03% gc time, 11.50% compilation time)

┌ Warning: Interrupted. Larger maxiters is needed. If you are using an integrator for non-stiff ODEs or an automatic switching algorithm (the default), you may want to consider using a method for stiff equations. See the solver pages for more details (e.g. https://docs.sciml.ai/DiffEqDocs/stable/solvers/ode_solve/#Stiff-Problems).
└ @ SciMLBase ~/.julia/packages/SciMLBase/hSv8d/src/integrator_interface.jl:597
  4.312968 seconds (156.06 M allocations: 3.223 GiB, 2.31% gc time, 0.47% compilation time)

%% Morse large-amplitude motion and trapping, Sec. 4.5
┌ Info: Solver parameters: 
└   solver_params = (integrator = Tsit5(; stage_limiter! = trivial_limiter!, step_limiter! = trivial_limiter!, thread = static(false),), abstol = 1.0e-12, reltol = 1.0e-12)

┌ Info: Initial values: 
└   inicn = (p0 = 0.0, q0 = 1.4, u0 = 0.0, w0 = 0.125, λ0 = 0.0)

┌ Info: The number of t steps, nt = 4096
│    Time grid parameters:
│   tspan = (0.0, 16502.850000000002)
└   dt = 4.03

Running dynamics...
  0.166720 seconds (5.95 M allocations: 91.642 MiB, 12.61% gc time, 3.21% compilation time)
  0.309274 seconds (10.37 M allocations: 159.201 MiB, 4.86% gc time, 1.87% compilation time)

┌ Warning: Interrupted. Larger maxiters is needed. If you are using an integrator for non-stiff ODEs or an automatic switching algorithm (the default), you may want to consider using a method for stiff equations. See the solver pages for more details (e.g. https://docs.sciml.ai/DiffEqDocs/stable/solvers/ode_solve/#Stiff-Problems).
└ @ SciMLBase ~/.julia/packages/SciMLBase/hSv8d/src/integrator_interface.jl:597
  3.826339 seconds (144.00 M allocations: 2.146 GiB, 1.50% gc time)

Hit Enter to continue...
